[debug] [2026-01-26T08:35:39.720Z] ----------------------------------------------------------------------
[debug] [2026-01-26T08:35:39.723Z] Command:       C:\Program Files\nodejs\node.exe C:\Users\Luke Needham\AppData\Roaming\npm\node_modules\firebase-tools\lib\bin\firebase.js projects:list
[debug] [2026-01-26T08:35:39.724Z] CLI Version:   15.3.1
[debug] [2026-01-26T08:35:39.724Z] Platform:      win32
[debug] [2026-01-26T08:35:39.724Z] Node Version:  v24.13.0
[debug] [2026-01-26T08:35:39.724Z] Time:          Mon Jan 26 2026 08:35:39 GMT+0000 (Greenwich Mean Time)
[debug] [2026-01-26T08:35:39.724Z] ----------------------------------------------------------------------
[debug] 
[debug] [2026-01-26T08:35:39.726Z] >>> [apiv2][query] GET https://firebase-public.firebaseio.com/cli.json [none]
[debug] [2026-01-26T08:35:39.758Z] > command requires scopes: ["email","openid","https://www.googleapis.com/auth/cloudplatformprojects.readonly","https://www.googleapis.com/auth/firebase","https://www.googleapis.com/auth/cloud-platform"]
[debug] [2026-01-26T08:35:39.758Z] > authorizing via signed-in user (enquiries@uksourcedltd.com)
[debug] [2026-01-26T08:35:39.762Z] Checked if tokens are valid: false, expires at: 1768739440068
[debug] [2026-01-26T08:35:39.762Z] Checked if tokens are valid: false, expires at: 1768739440068
[debug] [2026-01-26T08:35:39.762Z] > refreshing access token with scopes: []
[debug] [2026-01-26T08:35:39.764Z] >>> [apiv2][query] POST https://www.googleapis.com/oauth2/v3/token [none]
[debug] [2026-01-26T08:35:39.764Z] >>> [apiv2][body] POST https://www.googleapis.com/oauth2/v3/token [omitted]
[debug] [2026-01-26T08:35:39.927Z] <<< [apiv2][status] POST https://www.googleapis.com/oauth2/v3/token 400
[debug] [2026-01-26T08:35:39.927Z] <<< [apiv2][body] POST https://www.googleapis.com/oauth2/v3/token [omitted]
[error] Authentication Error: Your credentials are no longer valid. Please run firebase login --reauth

For CI servers and headless environments, generate a new token with firebase login:ci
[error] Authentication Error: Your credentials are no longer valid. Please run firebase login --reauth

For CI servers and headless environments, generate a new token with firebase login:ci
[debug] [2026-01-26T08:35:39.928Z] Authentication Error: Your credentials are no longer valid. Please run firebase login --reauth

For CI servers and headless environments, generate a new token with firebase login:ci
[debug] [2026-01-26T08:35:40.073Z] <<< [apiv2][status] GET https://firebase-public.firebaseio.com/cli.json 200
[debug] [2026-01-26T08:35:40.073Z] <<< [apiv2][body] GET https://firebase-public.firebaseio.com/cli.json {"cloudBuildErrorAfter":1594252800000,"cloudBuildWarnAfter":1590019200000,"defaultNode10After":1594252800000,"minVersion":"3.0.5","node8DeploysDisabledAfter":1613390400000,"node8RuntimeDisabledAfter":1615809600000,"node8WarnAfter":1600128000000}
[debug] [2026-01-26T08:35:40.111Z] FirebaseError: Authentication Error: Your credentials are no longer valid. Please run firebase login --reauth

For CI servers and headless environments, generate a new token with firebase login:ci
    at invalidCredentialError (C:\Users\Luke Needham\AppData\Roaming\npm\node_modules\firebase-tools\lib\auth.js:177:12)
    at refreshTokens (C:\Users\Luke Needham\AppData\Roaming\npm\node_modules\firebase-tools\lib\auth.js:590:15)
    at process.processTicksAndRejections (node:internal/process/task_queues:103:5)
    at async getAccessToken (C:\Users\Luke Needham\AppData\Roaming\npm\node_modules\firebase-tools\lib\apiv2.js:43:18)
    at async Client.addAuthHeader (C:\Users\Luke Needham\AppData\Roaming\npm\node_modules\firebase-tools\lib\apiv2.js:169:21)
    at async Client.request (C:\Users\Luke Needham\AppData\Roaming\npm\node_modules\firebase-tools\lib\apiv2.js:120:34)
    at async getProjectPage (C:\Users\Luke Needham\AppData\Roaming\npm\node_modules\firebase-tools\lib\management\projects.js:287:17)
    at async getFirebaseProjectPage (C:\Users\Luke Needham\AppData\Roaming\npm\node_modules\firebase-tools\lib\management\projects.js:304:23)
    at async listFirebaseProjects (C:\Users\Luke Needham\AppData\Roaming\npm\node_modules\firebase-tools\lib\management\projects.js:333:29)
    at async Command.actionFn (C:\Users\Luke Needham\AppData\Roaming\npm\node_modules\firebase-tools\lib\commands\projects-list.js:51:20)
[error] 
[error] Error: Failed to list Firebase projects. See firebase-debug.log for more info.
